<?xml version="1.0" encoding="UTF-8"?>
<testng-results ignored="0" total="1" passed="1" failed="0" skipped="0">
  <reporter-output>
  </reporter-output>
  <suite started-at="2023-02-20T02:34:20 WIB" name="Base Suite" finished-at="2023-02-20T02:34:28 WIB" duration-ms="8342">
    <groups>
      <group name="cucumber">
        <method signature="AbstractTestNGCucumberTests.runScenario(io.cucumber.testng.PickleWrapper, io.cucumber.testng.FeatureWrapper)[pri:0, instance:runners.Runner@77e9807f]" name="runScenario" class="io.cucumber.testng.AbstractTestNGCucumberTests"/>
      </group> <!-- cucumber -->
    </groups>
    <test started-at="2023-02-20T02:34:20 WIB" name="All" finished-at="2023-02-20T02:34:28 WIB" duration-ms="8342">
      <class name="runners.Runner">
        <test-method is-config="true" signature="setUpClass()[pri:0, instance:runners.Runner@77e9807f]" started-at="2023-02-20T02:34:20 WIB" name="setUpClass" finished-at="2023-02-20T02:34:20 WIB" duration-ms="161" status="PASS">
          <reporter-output>
          </reporter-output>
        </test-method> <!-- setUpClass -->
        <test-method is-config="true" signature="beforeClass(java.lang.String)[pri:0, instance:runners.Runner@77e9807f]" started-at="2023-02-20T02:34:20 WIB" name="beforeClass" finished-at="2023-02-20T02:34:20 WIB" duration-ms="6" status="PASS">
          <params>
            <param index="0">
              <value>
                <![CDATA[chrome]]>
              </value>
            </param>
          </params>
          <reporter-output>
          </reporter-output>
        </test-method> <!-- beforeClass -->
        <test-method signature="runScenario(io.cucumber.testng.PickleWrapper, io.cucumber.testng.FeatureWrapper)[pri:0, instance:runners.Runner@77e9807f]" started-at="2023-02-20T02:34:20 WIB" name="runScenario" description="Runs Cucumber Scenarios" data-provider="scenarios" finished-at="2023-02-20T02:34:28 WIB" duration-ms="7866" status="PASS">
          <params>
            <param index="0">
              <value>
                <![CDATA["signup - signup failed with invalid input"]]>
              </value>
            </param>
            <param index="1">
              <value>
                <![CDATA["Signup"]]>
              </value>
            </param>
          </params>
          <reporter-output>
          </reporter-output>
        </test-method> <!-- runScenario -->
        <test-method is-config="true" signature="tearDownClass()[pri:0, instance:runners.Runner@77e9807f]" started-at="2023-02-20T02:34:28 WIB" name="tearDownClass" finished-at="2023-02-20T02:34:28 WIB" duration-ms="110" status="PASS">
          <reporter-output>
          </reporter-output>
        </test-method> <!-- tearDownClass -->
      </class> <!-- runners.Runner -->
    </test> <!-- All -->
  </suite> <!-- Base Suite -->
</testng-results>
